<?xml version="1.0" encoding="utf-8"?><testsuites name="pytest tests"><testsuite name="pytest" errors="0" failures="0" skipped="0" tests="28" time="0.664" timestamp="2025-08-10T12:40:21.490643+00:00" hostname="tk-desktop"><testcase classname="tests.handlers.test_handlers" name="test_optimal_vehicle_finder_1" file="tests/handlers/test_handlers.py" line="12" time="0.194" /><testcase classname="tests.handlers.test_handlers" name="test_optimal_vehicle_finder_2" file="tests/handlers/test_handlers.py" line="44" time="0.009" /><testcase classname="tests.handlers.test_handlers" name="test_optimal_vehicle_finder_3" file="tests/handlers/test_handlers.py" line="84" time="0.008" /><testcase classname="tests.handlers.test_handlers" name="test_optimal_vehicle_finder_4" file="tests/handlers/test_handlers.py" line="124" time="0.009" /><testcase classname="tests.views.test_driver" name="test_driver_list" file="tests/views/test_driver.py" line="20" time="0.040" /><testcase classname="tests.views.test_driver" name="test_driver_create_201" file="tests/views/test_driver.py" line="51" time="0.004" /><testcase classname="tests.views.test_driver" name="test_driver_create_missing_fields" file="tests/views/test_driver.py" line="71" time="0.003" /><testcase classname="tests.views.test_driver" name="test_driver_detail_get_200" file="tests/views/test_driver.py" line="84" time="0.003" /><testcase classname="tests.views.test_driver" name="test_driver_detail_patch_200" file="tests/views/test_driver.py" line="100" time="0.004" /><testcase classname="tests.views.test_driver" name="test_driver_detail_delete_204" file="tests/views/test_driver.py" line="117" time="0.004" /><testcase classname="tests.views.test_order" name="test_orders_list" file="tests/views/test_order.py" line="37" time="0.011" /><testcase classname="tests.views.test_order" name="test_orders_create_201" file="tests/views/test_order.py" line="140" time="0.006" /><testcase classname="tests.views.test_order" name="test_orders_create_missing_fields" file="tests/views/test_order.py" line="187" time="0.003" /><testcase classname="tests.views.test_order" name="test_orders_create_same_addresses_400" file="tests/views/test_order.py" line="203" time="0.006" /><testcase classname="tests.views.test_order" name="test_orders_detail_get_200" file="tests/views/test_order.py" line="232" time="0.008" /><testcase classname="tests.views.test_order" name="test_orders_detail_patch_200" file="tests/views/test_order.py" line="278" time="0.009" /><testcase classname="tests.views.test_order" name="test_orders_detail_patch_400_invalid_orders_type" file="tests/views/test_order.py" line="325" time="0.005" /><testcase classname="tests.views.test_order" name="test_orders_detail_delete_204" file="tests/views/test_order.py" line="339" time="0.004" /><testcase classname="tests.views.test_position" name="test_position_create_201" file="tests/views/test_position.py" line="18" time="0.004" /><testcase classname="tests.views.test_position" name="test_position_create_400_missing_fields" file="tests/views/test_position.py" line="39" time="0.003" /><testcase classname="tests.views.test_vehicle" name="test_vehicle_list" file="tests/views/test_vehicle.py" line="20" time="0.004" /><testcase classname="tests.views.test_vehicle" name="test_vehicle_create_201" file="tests/views/test_vehicle.py" line="55" time="0.005" /><testcase classname="tests.views.test_vehicle" name="test_vehicle_create_missing_fields" file="tests/views/test_vehicle.py" line="77" time="0.004" /><testcase classname="tests.views.test_vehicle" name="test_vehicle_detail_get_200" file="tests/views/test_vehicle.py" line="91" time="0.004" /><testcase classname="tests.views.test_vehicle" name="test_vehicle_detail_patch_200" file="tests/views/test_vehicle.py" line="108" time="0.005" /><testcase classname="tests.views.test_vehicle" name="test_vehicle_detail_patch_400_invalid_vehicle_type" file="tests/views/test_vehicle.py" line="129" time="0.004" /><testcase classname="tests.views.test_vehicle" name="test_vehicle_detail_delete_204" file="tests/views/test_vehicle.py" line="143" time="0.004" /><testcase classname="tests.views.test_vehicle" name="test_vehicle_current_position" file="tests/views/test_vehicle.py" line="155" time="0.005" /></testsuite></testsuites>