<?xml version="1.0" encoding="utf-8"?><testsuites name="pytest tests"><testsuite name="pytest" errors="0" failures="0" skipped="0" tests="28" time="0.745" timestamp="2025-08-10T12:50:25.816108+00:00" hostname="tk-desktop"><testcase classname="tests.handlers.test_handlers" name="test_optimal_vehicle_finder_1" file="tests/handlers/test_handlers.py" line="10" time="0.197" /><testcase classname="tests.handlers.test_handlers" name="test_optimal_vehicle_finder_2" file="tests/handlers/test_handlers.py" line="42" time="0.009" /><testcase classname="tests.handlers.test_handlers" name="test_optimal_vehicle_finder_3" file="tests/handlers/test_handlers.py" line="82" time="0.008" /><testcase classname="tests.handlers.test_handlers" name="test_optimal_vehicle_finder_4" file="tests/handlers/test_handlers.py" line="122" time="0.008" /><testcase classname="tests.views.test_driver" name="test_driver_list" file="tests/views/test_driver.py" line="18" time="0.040" /><testcase classname="tests.views.test_driver" name="test_driver_create_201" file="tests/views/test_driver.py" line="49" time="0.004" /><testcase classname="tests.views.test_driver" name="test_driver_create_missing_fields" file="tests/views/test_driver.py" line="69" time="0.004" /><testcase classname="tests.views.test_driver" name="test_driver_detail_get_200" file="tests/views/test_driver.py" line="82" time="0.004" /><testcase classname="tests.views.test_driver" name="test_driver_detail_patch_200" file="tests/views/test_driver.py" line="98" time="0.004" /><testcase classname="tests.views.test_driver" name="test_driver_detail_delete_204" file="tests/views/test_driver.py" line="115" time="0.005" /><testcase classname="tests.views.test_order" name="test_orders_list" file="tests/views/test_order.py" line="36" time="0.014" /><testcase classname="tests.views.test_order" name="test_orders_create_201" file="tests/views/test_order.py" line="139" time="0.011" /><testcase classname="tests.views.test_order" name="test_orders_create_missing_fields" file="tests/views/test_order.py" line="185" time="0.003" /><testcase classname="tests.views.test_order" name="test_orders_create_same_addresses_400" file="tests/views/test_order.py" line="200" time="0.006" /><testcase classname="tests.views.test_order" name="test_orders_detail_get_200" file="tests/views/test_order.py" line="228" time="0.009" /><testcase classname="tests.views.test_order" name="test_orders_detail_patch_200" file="tests/views/test_order.py" line="273" time="0.008" /><testcase classname="tests.views.test_order" name="test_orders_detail_patch_400_invalid_orders_type" file="tests/views/test_order.py" line="319" time="0.052" /><testcase classname="tests.views.test_order" name="test_orders_detail_delete_204" file="tests/views/test_order.py" line="332" time="0.006" /><testcase classname="tests.views.test_position" name="test_position_create_201" file="tests/views/test_position.py" line="15" time="0.006" /><testcase classname="tests.views.test_position" name="test_position_create_400_missing_fields" file="tests/views/test_position.py" line="36" time="0.003" /><testcase classname="tests.views.test_vehicle" name="test_vehicle_list" file="tests/views/test_vehicle.py" line="18" time="0.003" /><testcase classname="tests.views.test_vehicle" name="test_vehicle_create_201" file="tests/views/test_vehicle.py" line="53" time="0.005" /><testcase classname="tests.views.test_vehicle" name="test_vehicle_create_missing_fields" file="tests/views/test_vehicle.py" line="75" time="0.005" /><testcase classname="tests.views.test_vehicle" name="test_vehicle_detail_get_200" file="tests/views/test_vehicle.py" line="89" time="0.003" /><testcase classname="tests.views.test_vehicle" name="test_vehicle_detail_patch_200" file="tests/views/test_vehicle.py" line="106" time="0.004" /><testcase classname="tests.views.test_vehicle" name="test_vehicle_detail_patch_400_invalid_vehicle_type" file="tests/views/test_vehicle.py" line="127" time="0.004" /><testcase classname="tests.views.test_vehicle" name="test_vehicle_detail_delete_204" file="tests/views/test_vehicle.py" line="141" time="0.005" /><testcase classname="tests.views.test_vehicle" name="test_vehicle_current_position" file="tests/views/test_vehicle.py" line="153" time="0.006" /></testsuite></testsuites>