<?xml version="1.0" encoding="utf-8"?><testsuites name="pytest tests"><testsuite name="pytest" errors="0" failures="0" skipped="0" tests="24" time="0.415" timestamp="2025-08-09T15:19:01.742275+00:00" hostname="tk-desktop"><testcase classname="tests.test_driver" name="test_driver_list" file="tests/test_driver.py" line="20" time="0.214" /><testcase classname="tests.test_driver" name="test_driver_create_201" file="tests/test_driver.py" line="51" time="0.004" /><testcase classname="tests.test_driver" name="test_driver_create_missing_fields" file="tests/test_driver.py" line="71" time="0.003" /><testcase classname="tests.test_driver" name="test_driver_detail_get_200" file="tests/test_driver.py" line="84" time="0.003" /><testcase classname="tests.test_driver" name="test_driver_detail_patch_200" file="tests/test_driver.py" line="100" time="0.003" /><testcase classname="tests.test_driver" name="test_driver_detail_delete_204" file="tests/test_driver.py" line="117" time="0.003" /><testcase classname="tests.test_order" name="test_orders_list" file="tests/test_order.py" line="19" time="0.012" /><testcase classname="tests.test_order" name="test_orders_create_201" file="tests/test_order.py" line="119" time="0.007" /><testcase classname="tests.test_order" name="test_orders_create_missing_fields" file="tests/test_order.py" line="165" time="0.003" /><testcase classname="tests.test_order" name="test_orders_create_same_addresses_400" file="tests/test_order.py" line="180" time="0.004" /><testcase classname="tests.test_order" name="test_orders_detail_get_200" file="tests/test_order.py" line="209" time="0.007" /><testcase classname="tests.test_order" name="test_orders_detail_patch_200" file="tests/test_order.py" line="254" time="0.007" /><testcase classname="tests.test_order" name="test_orders_detail_patch_400_invalid_orders_type" file="tests/test_order.py" line="300" time="0.006" /><testcase classname="tests.test_order" name="test_orders_detail_delete_204" file="tests/test_order.py" line="314" time="0.005" /><testcase classname="tests.test_position" name="test_position_create_201" file="tests/test_position.py" line="20" time="0.004" /><testcase classname="tests.test_position" name="test_position_create_400_missing_fields" file="tests/test_position.py" line="41" time="0.002" /><testcase classname="tests.test_vehicle" name="test_vehicle_list" file="tests/test_vehicle.py" line="21" time="0.004" /><testcase classname="tests.test_vehicle" name="test_vehicle_create_201" file="tests/test_vehicle.py" line="56" time="0.004" /><testcase classname="tests.test_vehicle" name="test_vehicle_create_missing_fields" file="tests/test_vehicle.py" line="78" time="0.003" /><testcase classname="tests.test_vehicle" name="test_vehicle_detail_get_200" file="tests/test_vehicle.py" line="92" time="0.003" /><testcase classname="tests.test_vehicle" name="test_vehicle_detail_patch_200" file="tests/test_vehicle.py" line="109" time="0.004" /><testcase classname="tests.test_vehicle" name="test_vehicle_detail_patch_400_invalid_vehicle_type" file="tests/test_vehicle.py" line="130" time="0.004" /><testcase classname="tests.test_vehicle" name="test_vehicle_detail_delete_204" file="tests/test_vehicle.py" line="144" time="0.004" /><testcase classname="tests.test_vehicle" name="test_vehicle_current_position" file="tests/test_vehicle.py" line="156" time="0.004" /></testsuite></testsuites>