<?xml version="1.0" encoding="utf-8"?><testsuites name="pytest tests"><testsuite name="pytest" errors="0" failures="0" skipped="0" tests="20" time="0.380" timestamp="2025-08-09T11:51:52.041574+00:00" hostname="tk-desktop"><testcase classname="test_driver" name="test_driver_list" file="test_driver.py" line="19" time="0.202" /><testcase classname="test_driver" name="test_driver_create_201" file="test_driver.py" line="50" time="0.004" /><testcase classname="test_driver" name="test_driver_create_missing_fields" file="test_driver.py" line="70" time="0.003" /><testcase classname="test_driver" name="test_driver_detail_get_200" file="test_driver.py" line="83" time="0.003" /><testcase classname="test_driver" name="test_driver_detail_patch_200" file="test_driver.py" line="99" time="0.003" /><testcase classname="test_driver" name="test_driver_detail_delete_204" file="test_driver.py" line="116" time="0.003" /><testcase classname="test_order" name="test_orders_list" file="test_order.py" line="20" time="0.007" /><testcase classname="test_order" name="test_orders_create_201" file="test_order.py" line="90" time="0.004" /><testcase classname="test_order" name="test_orders_create_missing_fields" file="test_order.py" line="118" time="0.003" /><testcase classname="test_order" name="test_orders_detail_get_200" file="test_order.py" line="133" time="0.005" /><testcase classname="test_order" name="test_orders_detail_patch_200" file="test_order.py" line="168" time="0.006" /><testcase classname="test_order" name="test_orders_detail_patch_400_invalid_orders_type" file="test_order.py" line="205" time="0.005" /><testcase classname="test_order" name="test_orders_detail_delete_204" file="test_order.py" line="219" time="0.005" /><testcase classname="test_vehicle" name="test_vehicle_list" file="test_vehicle.py" line="19" time="0.004" /><testcase classname="test_vehicle" name="test_vehicle_create_201" file="test_vehicle.py" line="54" time="0.004" /><testcase classname="test_vehicle" name="test_vehicle_create_missing_fields" file="test_vehicle.py" line="76" time="0.003" /><testcase classname="test_vehicle" name="test_vehicle_detail_get_200" file="test_vehicle.py" line="90" time="0.003" /><testcase classname="test_vehicle" name="test_vehicle_detail_patch_200" file="test_vehicle.py" line="107" time="0.004" /><testcase classname="test_vehicle" name="test_vehicle_detail_patch_400_invalid_vehicle_type" file="test_vehicle.py" line="128" time="0.004" /><testcase classname="test_vehicle" name="test_vehicle_detail_delete_204" file="test_vehicle.py" line="142" time="0.004" /></testsuite></testsuites>